<?xml version="1.0" encoding="UTF-8"?>
<testng-results ignored="0" total="1" passed="1" failed="0" skipped="0">
  <reporter-output>
  </reporter-output>
  <suite started-at="2022-11-08T14:35:34 EST" name="Default suite" finished-at="2022-11-08T14:35:41 EST" duration-ms="7442">
    <groups>
    </groups>
    <test started-at="2022-11-08T14:35:34 EST" name="Default test" finished-at="2022-11-08T14:35:41 EST" duration-ms="7442">
      <class name="helloJI.Hello">
        <test-method signature="getDriver()[pri:0, instance:helloJI.Hello@7e6f74c]" started-at="2022-11-08T14:35:34 EST" name="getDriver" finished-at="2022-11-08T14:35:41 EST" duration-ms="7408" status="PASS">
          <reporter-output>
          </reporter-output>
        </test-method> <!-- getDriver -->
      </class> <!-- helloJI.Hello -->
    </test> <!-- Default test -->
  </suite> <!-- Default suite -->
</testng-results>
