<?xml version="1.0" encoding="UTF-8"?>
<testng-results ignored="0" total="1" passed="1" failed="0" skipped="0">
  <reporter-output>
  </reporter-output>
  <suite started-at="2022-11-08T14:36:33 EST" name="Suite" finished-at="2022-11-08T14:36:40 EST" duration-ms="7065">
    <groups>
    </groups>
    <test started-at="2022-11-08T14:36:33 EST" name="Test" finished-at="2022-11-08T14:36:40 EST" duration-ms="7065">
      <class name="helloJI.Hello">
        <test-method signature="getDriver()[pri:0, instance:helloJI.Hello@703580bf]" started-at="2022-11-08T14:36:33 EST" name="getDriver" finished-at="2022-11-08T14:36:40 EST" duration-ms="7032" status="PASS">
          <reporter-output>
          </reporter-output>
        </test-method> <!-- getDriver -->
      </class> <!-- helloJI.Hello -->
    </test> <!-- Test -->
  </suite> <!-- Suite -->
</testng-results>
