<?xml version="1.0" encoding="UTF-8"?>
<testng-results ignored="0" total="1" passed="1" failed="0" skipped="0">
  <reporter-output>
  </reporter-output>
  <suite started-at="2022-11-08T03:39:07 EST" name="Default suite" finished-at="2022-11-08T03:39:14 EST" duration-ms="6288">
    <groups>
    </groups>
    <test started-at="2022-11-08T03:39:07 EST" name="Default test" finished-at="2022-11-08T03:39:14 EST" duration-ms="6288">
      <class name="testGitJenkins.TestProject">
        <test-method signature="getDriver()[pri:0, instance:testGitJenkins.TestProject@22a637e7]" started-at="2022-11-08T03:39:07 EST" name="getDriver" finished-at="2022-11-08T03:39:14 EST" duration-ms="6253" status="PASS">
          <reporter-output>
          </reporter-output>
        </test-method> <!-- getDriver -->
      </class> <!-- testGitJenkins.TestProject -->
    </test> <!-- Default test -->
  </suite> <!-- Default suite -->
</testng-results>
